This file contains any messages produced by compilers while
running configure, to aid debugging if configure makes a mistake.

It was created by fdk-aac configure 0.1.5, which was
generated by GNU Autoconf 2.63.  Invocation command line was

  $ ./configure --prefix=/opt/fdk_aac --disable-shared

## --------- ##
## Platform. ##
## --------- ##

hostname = localhost.localdomain
uname -m = x86_64
uname -r = 2.6.32-431.el6.x86_64
uname -s = Linux
uname -v = #1 SMP Fri Nov 22 03:15:09 UTC 2013

/usr/bin/uname -p = unknown
/bin/uname -X     = unknown

/bin/arch              = x86_64
/usr/bin/arch -k       = unknown
/usr/convex/getsysinfo = unknown
/usr/bin/hostinfo      = unknown
/bin/machine           = unknown
/usr/bin/oslevel       = unknown
/bin/universe          = unknown

PATH: /usr/local/sbin
PATH: /usr/sbin
PATH: /sbin
PATH: /usr/local/bin
PATH: /usr/bin
PATH: /bin
PATH: /root/bin


## ----------- ##
## Core tests. ##
## ----------- ##

configure:2093: checking for a BSD-compatible install
configure:2161: result: /usr/bin/install -c
configure:2172: checking whether build environment is sane
configure:2232: result: yes
configure:2373: checking for a thread-safe mkdir -p
configure:2412: result: /bin/mkdir -p
configure:2425: checking for gawk
configure:2441: found /usr/bin/gawk
configure:2452: result: gawk
configure:2463: checking whether make sets $(MAKE)
configure:2485: result: yes
configure:2562: checking how to create a ustar tar archive
configure:2575: tar --version
tar (GNU tar) 1.23
Copyright (C) 2010 Free Software Foundation, Inc.
License GPLv3+: GNU GPL version 3 or later <http://gnu.org/licenses/gpl.html>.
This is free software: you are free to change and redistribute it.
There is NO WARRANTY, to the extent permitted by law.

Written by John Gilmore and Jay Fenlason.
configure:2578: $? = 0
configure:2618: tardir=conftest.dir && eval tar --format=ustar -chf - "$tardir" >conftest.tar
configure:2621: $? = 0
configure:2625: tar -xf - <conftest.tar
configure:2628: $? = 0
configure:2641: result: gnutar
configure:2726: checking for gcc
configure:2742: found /usr/bin/gcc
configure:2753: result: gcc
configure:2985: checking for C compiler version
configure:2993: gcc --version >&5
gcc (GCC) 4.8.2 20140120 (Red Hat 4.8.2-15)
Copyright (C) 2013 Free Software Foundation, Inc.
This is free software; see the source for copying conditions.  There is NO
warranty; not even for MERCHANTABILITY or FITNESS FOR A PARTICULAR PURPOSE.

configure:2997: $? = 0
configure:3004: gcc -v >&5
Using built-in specs.
COLLECT_GCC=gcc
COLLECT_LTO_WRAPPER=/opt/rh/devtoolset-2/root/usr/libexec/gcc/x86_64-redhat-linux/4.8.2/lto-wrapper
Target: x86_64-redhat-linux
Configured with: ../configure --prefix=/opt/rh/devtoolset-2/root/usr --mandir=/opt/rh/devtoolset-2/root/usr/share/man --infodir=/opt/rh/devtoolset-2/root/usr/share/info --with-bugurl=http://bugzilla.redhat.com/bugzilla --enable-bootstrap --enable-shared --enable-threads=posix --enable-checking=release --with-system-zlib --enable-__cxa_atexit --disable-libunwind-exceptions --enable-gnu-unique-object --enable-linker-build-id --enable-languages=c,c++,fortran,lto --enable-plugin --with-linker-hash-style=gnu --enable-initfini-array --disable-libgcj --with-isl=/dev/shm/home/centos/rpm/BUILD/gcc-4.8.2-20140120/obj-x86_64-redhat-linux/isl-install --with-cloog=/dev/shm/home/centos/rpm/BUILD/gcc-4.8.2-20140120/obj-x86_64-redhat-linux/cloog-install --with-mpc=/dev/shm/home/centos/rpm/BUILD/gcc-4.8.2-20140120/obj-x86_64-redhat-linux/mpc-install --with-tune=generic --with-arch_32=i686 --build=x86_64-redhat-linux
Thread model: posix
gcc version 4.8.2 20140120 (Red Hat 4.8.2-15) (GCC) 
configure:3008: $? = 0
configure:3015: gcc -V >&5
gcc: error: unrecognized command line option '-V'
gcc: fatal error: no input files
compilation terminated.
configure:3019: $? = 4
configure:3042: checking for C compiler default output file name
configure:3064: gcc    conftest.c  >&5
configure:3068: $? = 0
configure:3106: result: a.out
configure:3125: checking whether the C compiler works
configure:3135: ./a.out
configure:3139: $? = 0
configure:3158: result: yes
configure:3165: checking whether we are cross compiling
configure:3167: result: no
configure:3170: checking for suffix of executables
configure:3177: gcc -o conftest    conftest.c  >&5
configure:3181: $? = 0
configure:3207: result: 
configure:3213: checking for suffix of object files
configure:3239: gcc -c   conftest.c >&5
configure:3243: $? = 0
configure:3268: result: o
configure:3272: checking whether we are using the GNU C compiler
configure:3301: gcc -c   conftest.c >&5
configure:3308: $? = 0
configure:3325: result: yes
configure:3334: checking whether gcc accepts -g
configure:3364: gcc -c -g  conftest.c >&5
configure:3371: $? = 0
configure:3472: result: yes
configure:3489: checking for gcc option to accept ISO C89
configure:3563: gcc  -c -g -O2  conftest.c >&5
configure:3570: $? = 0
configure:3593: result: none needed
configure:3622: checking for style of include used by make
configure:3650: result: GNU
configure:3675: checking dependency style of gcc
configure:3785: result: gcc3
configure:3858: checking for g++
configure:3874: found /usr/bin/g++
configure:3885: result: g++
configure:3912: checking for C++ compiler version
configure:3920: g++ --version >&5
g++ (GCC) 4.8.2 20140120 (Red Hat 4.8.2-15)
Copyright (C) 2013 Free Software Foundation, Inc.
This is free software; see the source for copying conditions.  There is NO
warranty; not even for MERCHANTABILITY or FITNESS FOR A PARTICULAR PURPOSE.

configure:3924: $? = 0
configure:3931: g++ -v >&5
Using built-in specs.
COLLECT_GCC=g++
COLLECT_LTO_WRAPPER=/opt/rh/devtoolset-2/root/usr/libexec/gcc/x86_64-redhat-linux/4.8.2/lto-wrapper
Target: x86_64-redhat-linux
Configured with: ../configure --prefix=/opt/rh/devtoolset-2/root/usr --mandir=/opt/rh/devtoolset-2/root/usr/share/man --infodir=/opt/rh/devtoolset-2/root/usr/share/info --with-bugurl=http://bugzilla.redhat.com/bugzilla --enable-bootstrap --enable-shared --enable-threads=posix --enable-checking=release --with-system-zlib --enable-__cxa_atexit --disable-libunwind-exceptions --enable-gnu-unique-object --enable-linker-build-id --enable-languages=c,c++,fortran,lto --enable-plugin --with-linker-hash-style=gnu --enable-initfini-array --disable-libgcj --with-isl=/dev/shm/home/centos/rpm/BUILD/gcc-4.8.2-20140120/obj-x86_64-redhat-linux/isl-install --with-cloog=/dev/shm/home/centos/rpm/BUILD/gcc-4.8.2-20140120/obj-x86_64-redhat-linux/cloog-install --with-mpc=/dev/shm/home/centos/rpm/BUILD/gcc-4.8.2-20140120/obj-x86_64-redhat-linux/mpc-install --with-tune=generic --with-arch_32=i686 --build=x86_64-redhat-linux
Thread model: posix
gcc version 4.8.2 20140120 (Red Hat 4.8.2-15) (GCC) 
configure:3935: $? = 0
configure:3942: g++ -V >&5
g++: error: unrecognized command line option '-V'
g++: fatal error: no input files
compilation terminated.
configure:3946: $? = 4
configure:3949: checking whether we are using the GNU C++ compiler
configure:3978: g++ -c   conftest.cpp >&5
configure:3985: $? = 0
configure:4002: result: yes
configure:4011: checking whether g++ accepts -g
configure:4041: g++ -c -g  conftest.cpp >&5
configure:4048: $? = 0
configure:4149: result: yes
configure:4174: checking dependency style of g++
configure:4284: result: gcc3
configure:4330: checking build system type
configure:4348: result: x86_64-unknown-linux-gnu
configure:4370: checking host system type
configure:4385: result: x86_64-unknown-linux-gnu
configure:4407: checking for a sed that does not truncate output
configure:4473: result: /bin/sed
configure:4491: checking for grep that handles long lines and -e
configure:4551: result: /bin/grep
configure:4556: checking for egrep
configure:4620: result: /bin/grep -E
configure:4625: checking for fgrep
configure:4689: result: /bin/grep -F
configure:4724: checking for ld used by gcc
configure:4791: result: /opt/rh/devtoolset-2/root/usr/libexec/gcc/x86_64-redhat-linux/4.8.2/ld
configure:4800: checking if the linker (/opt/rh/devtoolset-2/root/usr/libexec/gcc/x86_64-redhat-linux/4.8.2/ld) is GNU ld
configure:4815: result: yes
configure:4827: checking for BSD- or MS-compatible name lister (nm)
configure:4876: result: /usr/bin/nm -B
configure:4994: checking the name lister (/usr/bin/nm -B) interface
configure:5001: gcc -c -g -O2  conftest.c >&5
configure:5004: /usr/bin/nm -B "conftest.o"
configure:5007: output
0000000000000000 B some_variable
configure:5014: result: BSD nm
configure:5017: checking whether ln -s works
configure:5021: result: yes
configure:5029: checking the maximum length of command line arguments
configure:5149: result: 1966080
configure:5166: checking whether the shell understands some XSI constructs
configure:5176: result: yes
configure:5180: checking whether the shell understands "+="
configure:5186: result: yes
configure:5221: checking for /opt/rh/devtoolset-2/root/usr/libexec/gcc/x86_64-redhat-linux/4.8.2/ld option to reload object files
configure:5228: result: -r
configure:5297: checking for objdump
configure:5313: found /usr/bin/objdump
configure:5324: result: objdump
configure:5356: checking how to recognize dependent libraries
configure:5552: result: pass_all
configure:5612: checking for ar
configure:5628: found /usr/bin/ar
configure:5639: result: ar
configure:5717: checking for strip
configure:5733: found /usr/bin/strip
configure:5744: result: strip
configure:5816: checking for ranlib
configure:5832: found /usr/bin/ranlib
configure:5843: result: ranlib
configure:5933: checking command to parse /usr/bin/nm -B output from gcc object
configure:6051: gcc -c -g -O2  conftest.c >&5
configure:6054: $? = 0
configure:6058: /usr/bin/nm -B conftest.o \| sed -n -e 's/^.*[	 ]\([ABCDGIRSTW][ABCDGIRSTW]*\)[	 ][	 ]*\([_A-Za-z][_A-Za-z0-9]*\)$/\1 \2 \2/p' \> conftest.nm
configure:6061: $? = 0
configure:6115: gcc -o conftest -g -O2   conftest.c conftstm.o >&5
configure:6118: $? = 0
configure:6156: result: ok
configure:6252: gcc -c -g -O2  conftest.c >&5
configure:6255: $? = 0
configure:7023: checking how to run the C preprocessor
configure:7063: gcc -E  conftest.c
configure:7070: $? = 0
configure:7101: gcc -E  conftest.c
conftest.c:10:28: fatal error: ac_nonexistent.h: No such file or directory
 #include <ac_nonexistent.h>
                            ^
compilation terminated.
configure:7108: $? = 1
configure: failed program was:
| /* confdefs.h.  */
| #define PACKAGE_NAME "fdk-aac"
| #define PACKAGE_TARNAME "fdk-aac"
| #define PACKAGE_VERSION "0.1.5"
| #define PACKAGE_STRING "fdk-aac 0.1.5"
| #define PACKAGE_BUGREPORT "http://sourceforge.net/projects/opencore-amr/"
| #define PACKAGE "fdk-aac"
| #define VERSION "0.1.5"
| /* end confdefs.h.  */
| #include <ac_nonexistent.h>
configure:7141: result: gcc -E
configure:7170: gcc -E  conftest.c
configure:7177: $? = 0
configure:7208: gcc -E  conftest.c
conftest.c:10:28: fatal error: ac_nonexistent.h: No such file or directory
 #include <ac_nonexistent.h>
                            ^
compilation terminated.
configure:7215: $? = 1
configure: failed program was:
| /* confdefs.h.  */
| #define PACKAGE_NAME "fdk-aac"
| #define PACKAGE_TARNAME "fdk-aac"
| #define PACKAGE_VERSION "0.1.5"
| #define PACKAGE_STRING "fdk-aac 0.1.5"
| #define PACKAGE_BUGREPORT "http://sourceforge.net/projects/opencore-amr/"
| #define PACKAGE "fdk-aac"
| #define VERSION "0.1.5"
| /* end confdefs.h.  */
| #include <ac_nonexistent.h>
configure:7255: checking for ANSI C header files
configure:7285: gcc -c -g -O2  conftest.c >&5
configure:7292: $? = 0
configure:7391: gcc -o conftest -g -O2   conftest.c  >&5
configure:7395: $? = 0
configure:7401: ./conftest
configure:7405: $? = 0
configure:7423: result: yes
configure:7447: checking for sys/types.h
configure:7468: gcc -c -g -O2  conftest.c >&5
configure:7475: $? = 0
configure:7492: result: yes
configure:7447: checking for sys/stat.h
configure:7468: gcc -c -g -O2  conftest.c >&5
configure:7475: $? = 0
configure:7492: result: yes
configure:7447: checking for stdlib.h
configure:7468: gcc -c -g -O2  conftest.c >&5
configure:7475: $? = 0
configure:7492: result: yes
configure:7447: checking for string.h
configure:7468: gcc -c -g -O2  conftest.c >&5
configure:7475: $? = 0
configure:7492: result: yes
configure:7447: checking for memory.h
configure:7468: gcc -c -g -O2  conftest.c >&5
configure:7475: $? = 0
configure:7492: result: yes
configure:7447: checking for strings.h
configure:7468: gcc -c -g -O2  conftest.c >&5
configure:7475: $? = 0
configure:7492: result: yes
configure:7447: checking for inttypes.h
configure:7468: gcc -c -g -O2  conftest.c >&5
configure:7475: $? = 0
configure:7492: result: yes
configure:7447: checking for stdint.h
configure:7468: gcc -c -g -O2  conftest.c >&5
configure:7475: $? = 0
configure:7492: result: yes
configure:7447: checking for unistd.h
configure:7468: gcc -c -g -O2  conftest.c >&5
configure:7475: $? = 0
configure:7492: result: yes
configure:7510: checking for dlfcn.h
configure:7531: gcc -c -g -O2  conftest.c >&5
configure:7538: $? = 0
configure:7555: result: yes
configure:7682: checking for C++ compiler version
configure:7690: g++ --version >&5
g++ (GCC) 4.8.2 20140120 (Red Hat 4.8.2-15)
Copyright (C) 2013 Free Software Foundation, Inc.
This is free software; see the source for copying conditions.  There is NO
warranty; not even for MERCHANTABILITY or FITNESS FOR A PARTICULAR PURPOSE.

configure:7694: $? = 0
configure:7701: g++ -v >&5
Using built-in specs.
COLLECT_GCC=g++
COLLECT_LTO_WRAPPER=/opt/rh/devtoolset-2/root/usr/libexec/gcc/x86_64-redhat-linux/4.8.2/lto-wrapper
Target: x86_64-redhat-linux
Configured with: ../configure --prefix=/opt/rh/devtoolset-2/root/usr --mandir=/opt/rh/devtoolset-2/root/usr/share/man --infodir=/opt/rh/devtoolset-2/root/usr/share/info --with-bugurl=http://bugzilla.redhat.com/bugzilla --enable-bootstrap --enable-shared --enable-threads=posix --enable-checking=release --with-system-zlib --enable-__cxa_atexit --disable-libunwind-exceptions --enable-gnu-unique-object --enable-linker-build-id --enable-languages=c,c++,fortran,lto --enable-plugin --with-linker-hash-style=gnu --enable-initfini-array --disable-libgcj --with-isl=/dev/shm/home/centos/rpm/BUILD/gcc-4.8.2-20140120/obj-x86_64-redhat-linux/isl-install --with-cloog=/dev/shm/home/centos/rpm/BUILD/gcc-4.8.2-20140120/obj-x86_64-redhat-linux/cloog-install --with-mpc=/dev/shm/home/centos/rpm/BUILD/gcc-4.8.2-20140120/obj-x86_64-redhat-linux/mpc-install --with-tune=generic --with-arch_32=i686 --build=x86_64-redhat-linux
Thread model: posix
gcc version 4.8.2 20140120 (Red Hat 4.8.2-15) (GCC) 
configure:7705: $? = 0
configure:7712: g++ -V >&5
g++: error: unrecognized command line option '-V'
g++: fatal error: no input files
compilation terminated.
configure:7716: $? = 4
configure:7719: checking whether we are using the GNU C++ compiler
configure:7772: result: yes
configure:7781: checking whether g++ accepts -g
configure:7919: result: yes
configure:7944: checking dependency style of g++
configure:8054: result: gcc3
configure:8077: checking how to run the C++ preprocessor
configure:8113: g++ -E  conftest.cpp
configure:8120: $? = 0
configure:8151: g++ -E  conftest.cpp
conftest.cpp:21:28: fatal error: ac_nonexistent.h: No such file or directory
 #include <ac_nonexistent.h>
                            ^
compilation terminated.
configure:8158: $? = 1
configure: failed program was:
| /* confdefs.h.  */
| #define PACKAGE_NAME "fdk-aac"
| #define PACKAGE_TARNAME "fdk-aac"
| #define PACKAGE_VERSION "0.1.5"
| #define PACKAGE_STRING "fdk-aac 0.1.5"
| #define PACKAGE_BUGREPORT "http://sourceforge.net/projects/opencore-amr/"
| #define PACKAGE "fdk-aac"
| #define VERSION "0.1.5"
| #define STDC_HEADERS 1
| #define HAVE_SYS_TYPES_H 1
| #define HAVE_SYS_STAT_H 1
| #define HAVE_STDLIB_H 1
| #define HAVE_STRING_H 1
| #define HAVE_MEMORY_H 1
| #define HAVE_STRINGS_H 1
| #define HAVE_INTTYPES_H 1
| #define HAVE_STDINT_H 1
| #define HAVE_UNISTD_H 1
| #define HAVE_DLFCN_H 1
| /* end confdefs.h.  */
| #include <ac_nonexistent.h>
configure:8191: result: g++ -E
configure:8220: g++ -E  conftest.cpp
configure:8227: $? = 0
configure:8258: g++ -E  conftest.cpp
conftest.cpp:21:28: fatal error: ac_nonexistent.h: No such file or directory
 #include <ac_nonexistent.h>
                            ^
compilation terminated.
configure:8265: $? = 1
configure: failed program was:
| /* confdefs.h.  */
| #define PACKAGE_NAME "fdk-aac"
| #define PACKAGE_TARNAME "fdk-aac"
| #define PACKAGE_VERSION "0.1.5"
| #define PACKAGE_STRING "fdk-aac 0.1.5"
| #define PACKAGE_BUGREPORT "http://sourceforge.net/projects/opencore-amr/"
| #define PACKAGE "fdk-aac"
| #define VERSION "0.1.5"
| #define STDC_HEADERS 1
| #define HAVE_SYS_TYPES_H 1
| #define HAVE_SYS_STAT_H 1
| #define HAVE_STDLIB_H 1
| #define HAVE_STRING_H 1
| #define HAVE_MEMORY_H 1
| #define HAVE_STRINGS_H 1
| #define HAVE_INTTYPES_H 1
| #define HAVE_STDINT_H 1
| #define HAVE_UNISTD_H 1
| #define HAVE_DLFCN_H 1
| /* end confdefs.h.  */
| #include <ac_nonexistent.h>
configure:8479: checking for objdir
configure:8494: result: .libs
configure:8790: checking if gcc supports -fno-rtti -fno-exceptions
configure:8808: gcc -c -g -O2  -fno-rtti -fno-exceptions conftest.c >&5
cc1: warning: command line option '-fno-rtti' is valid for C++/ObjC++ but not for C [enabled by default]
configure:8812: $? = 0
configure:8825: result: no
configure:8845: checking for gcc option to produce PIC
configure:9117: result: -fPIC -DPIC
configure:9129: checking if gcc PIC flag -fPIC -DPIC works
configure:9147: gcc -c -g -O2  -fPIC -DPIC -DPIC conftest.c >&5
configure:9151: $? = 0
configure:9164: result: yes
configure:9188: checking if gcc static flag -static works
configure:9216: result: no
configure:9231: checking if gcc supports -c -o file.o
configure:9252: gcc -c -g -O2  -o out/conftest2.o conftest.c >&5
configure:9256: $? = 0
configure:9278: result: yes
configure:9286: checking if gcc supports -c -o file.o
configure:9333: result: yes
configure:9366: checking whether the gcc linker (/opt/rh/devtoolset-2/root/usr/libexec/gcc/x86_64-redhat-linux/4.8.2/ld -m elf_x86_64) supports shared libraries
configure:10440: result: yes
configure:10679: checking dynamic linker characteristics
configure:11122: gcc -o conftest -g -O2   -Wl,-rpath -Wl,/foo conftest.c  >&5
configure:11129: $? = 0
configure:11365: result: GNU/Linux ld.so
configure:11467: checking how to hardcode library paths into programs
configure:11492: result: immediate
configure:12325: checking whether stripping libraries is possible
configure:12330: result: yes
configure:12365: checking if libtool supports shared libraries
configure:12367: result: yes
configure:12370: checking whether to build shared libraries
configure:12391: result: no
configure:12394: checking whether to build static libraries
configure:12398: result: yes
configure:12548: checking for ld used by g++
configure:12615: result: /opt/rh/devtoolset-2/root/usr/libexec/gcc/x86_64-redhat-linux/4.8.2/ld -m elf_x86_64
configure:12624: checking if the linker (/opt/rh/devtoolset-2/root/usr/libexec/gcc/x86_64-redhat-linux/4.8.2/ld -m elf_x86_64) is GNU ld
configure:12639: result: yes
configure:12694: checking whether the g++ linker (/opt/rh/devtoolset-2/root/usr/libexec/gcc/x86_64-redhat-linux/4.8.2/ld -m elf_x86_64) supports shared libraries
configure:13669: result: yes
configure:13697: g++ -c -g -O2  conftest.cpp >&5
configure:13700: $? = 0
configure:13882: checking for g++ option to produce PIC
configure:14199: result: -fPIC -DPIC
configure:14208: checking if g++ PIC flag -fPIC -DPIC works
configure:14226: g++ -c -g -O2  -fPIC -DPIC -DPIC conftest.cpp >&5
configure:14230: $? = 0
configure:14243: result: yes
configure:14264: checking if g++ static flag -static works
configure:14292: result: no
configure:14304: checking if g++ supports -c -o file.o
configure:14325: g++ -c -g -O2  -o out/conftest2.o conftest.cpp >&5
configure:14329: $? = 0
configure:14351: result: yes
configure:14356: checking if g++ supports -c -o file.o
configure:14403: result: yes
configure:14433: checking whether the g++ linker (/opt/rh/devtoolset-2/root/usr/libexec/gcc/x86_64-redhat-linux/4.8.2/ld -m elf_x86_64) supports shared libraries
configure:14459: result: yes
configure:14596: checking dynamic linker characteristics
configure:14987: g++ -o conftest -g -O2   -Wl,-rpath -Wl,/foo conftest.cpp  >&5
configure:14994: $? = 0
configure:15230: result: GNU/Linux ld.so
configure:15281: checking how to hardcode library paths into programs
configure:15306: result: immediate
configure:15365: checking for library containing sin
configure:15406: gcc -o conftest -g -O2   conftest.c  >&5
conftest.c:29:6: warning: conflicting types for built-in function 'sin' [enabled by default]
 char sin ();
      ^
/tmp/cccJKkc3.o: In function `main':
/home/lizhiyong/opensource/ipcam_sdk/fdk-aac/conftest.c:33: undefined reference to `sin'
collect2: error: ld returned 1 exit status
configure:15413: $? = 1
configure: failed program was:
| /* confdefs.h.  */
| #define PACKAGE_NAME "fdk-aac"
| #define PACKAGE_TARNAME "fdk-aac"
| #define PACKAGE_VERSION "0.1.5"
| #define PACKAGE_STRING "fdk-aac 0.1.5"
| #define PACKAGE_BUGREPORT "http://sourceforge.net/projects/opencore-amr/"
| #define PACKAGE "fdk-aac"
| #define VERSION "0.1.5"
| #define STDC_HEADERS 1
| #define HAVE_SYS_TYPES_H 1
| #define HAVE_SYS_STAT_H 1
| #define HAVE_STDLIB_H 1
| #define HAVE_STRING_H 1
| #define HAVE_MEMORY_H 1
| #define HAVE_STRINGS_H 1
| #define HAVE_INTTYPES_H 1
| #define HAVE_STDINT_H 1
| #define HAVE_UNISTD_H 1
| #define HAVE_DLFCN_H 1
| #define LT_OBJDIR ".libs/"
| /* end confdefs.h.  */
| 
| /* Override any GCC internal prototype to avoid an error.
|    Use char because int might match the return type of a GCC
|    builtin and then its argument prototype would still apply.  */
| #ifdef __cplusplus
| extern "C"
| #endif
| char sin ();
| int
| main ()
| {
| return sin ();
|   ;
|   return 0;
| }
configure:15406: gcc -o conftest -g -O2   conftest.c -lm   >&5
conftest.c:29:6: warning: conflicting types for built-in function 'sin' [enabled by default]
 char sin ();
      ^
configure:15413: $? = 0
configure:15444: result: -lm
configure:15648: creating ./config.status

## ---------------------- ##
## Running config.status. ##
## ---------------------- ##

This file was extended by fdk-aac config.status 0.1.5, which was
generated by GNU Autoconf 2.63.  Invocation command line was

  CONFIG_FILES    = 
  CONFIG_HEADERS  = 
  CONFIG_LINKS    = 
  CONFIG_COMMANDS = 
  $ ./config.status 

on localhost.localdomain

config.status:974: creating Makefile
config.status:974: creating fdk-aac.pc
config.status:1185: executing depfiles commands
config.status:1185: executing libtool commands

## ---------------- ##
## Cache variables. ##
## ---------------- ##

ac_cv_build=x86_64-unknown-linux-gnu
ac_cv_c_compiler_gnu=yes
ac_cv_cxx_compiler_gnu=yes
ac_cv_env_CCC_set=
ac_cv_env_CCC_value=
ac_cv_env_CC_set=
ac_cv_env_CC_value=
ac_cv_env_CFLAGS_set=
ac_cv_env_CFLAGS_value=
ac_cv_env_CPPFLAGS_set=
ac_cv_env_CPPFLAGS_value=
ac_cv_env_CPP_set=
ac_cv_env_CPP_value=
ac_cv_env_CXXCPP_set=
ac_cv_env_CXXCPP_value=
ac_cv_env_CXXFLAGS_set=
ac_cv_env_CXXFLAGS_value=
ac_cv_env_CXX_set=
ac_cv_env_CXX_value=
ac_cv_env_LDFLAGS_set=
ac_cv_env_LDFLAGS_value=
ac_cv_env_LIBS_set=
ac_cv_env_LIBS_value=
ac_cv_env_build_alias_set=
ac_cv_env_build_alias_value=
ac_cv_env_host_alias_set=
ac_cv_env_host_alias_value=
ac_cv_env_target_alias_set=
ac_cv_env_target_alias_value=
ac_cv_header_dlfcn_h=yes
ac_cv_header_inttypes_h=yes
ac_cv_header_memory_h=yes
ac_cv_header_stdc=yes
ac_cv_header_stdint_h=yes
ac_cv_header_stdlib_h=yes
ac_cv_header_string_h=yes
ac_cv_header_strings_h=yes
ac_cv_header_sys_stat_h=yes
ac_cv_header_sys_types_h=yes
ac_cv_header_unistd_h=yes
ac_cv_host=x86_64-unknown-linux-gnu
ac_cv_objext=o
ac_cv_path_EGREP='/bin/grep -E'
ac_cv_path_FGREP='/bin/grep -F'
ac_cv_path_GREP=/bin/grep
ac_cv_path_SED=/bin/sed
ac_cv_path_install='/usr/bin/install -c'
ac_cv_path_mkdir=/bin/mkdir
ac_cv_prog_AWK=gawk
ac_cv_prog_CPP='gcc -E'
ac_cv_prog_CXXCPP='g++ -E'
ac_cv_prog_ac_ct_AR=ar
ac_cv_prog_ac_ct_CC=gcc
ac_cv_prog_ac_ct_CXX=g++
ac_cv_prog_ac_ct_OBJDUMP=objdump
ac_cv_prog_ac_ct_RANLIB=ranlib
ac_cv_prog_ac_ct_STRIP=strip
ac_cv_prog_cc_c89=
ac_cv_prog_cc_g=yes
ac_cv_prog_cxx_g=yes
ac_cv_prog_make_make_set=yes
ac_cv_search_sin=-lm
am_cv_CC_dependencies_compiler_type=gcc3
am_cv_CXX_dependencies_compiler_type=gcc3
am_cv_prog_tar_ustar=gnutar
lt_cv_deplibs_check_method=pass_all
lt_cv_file_magic_cmd='$MAGIC_CMD'
lt_cv_file_magic_test_file=
lt_cv_ld_reload_flag=-r
lt_cv_nm_interface='BSD nm'
lt_cv_objdir=.libs
lt_cv_path_LD=/opt/rh/devtoolset-2/root/usr/libexec/gcc/x86_64-redhat-linux/4.8.2/ld
lt_cv_path_LDCXX='/opt/rh/devtoolset-2/root/usr/libexec/gcc/x86_64-redhat-linux/4.8.2/ld -m elf_x86_64'
lt_cv_path_NM='/usr/bin/nm -B'
lt_cv_prog_compiler_c_o=yes
lt_cv_prog_compiler_c_o_CXX=yes
lt_cv_prog_compiler_pic_works=yes
lt_cv_prog_compiler_pic_works_CXX=yes
lt_cv_prog_compiler_rtti_exceptions=no
lt_cv_prog_compiler_static_works=no
lt_cv_prog_compiler_static_works_CXX=no
lt_cv_prog_gnu_ld=yes
lt_cv_prog_gnu_ldcxx=yes
lt_cv_sys_global_symbol_pipe='sed -n -e '\''s/^.*[	 ]\([ABCDGIRSTW][ABCDGIRSTW]*\)[	 ][	 ]*\([_A-Za-z][_A-Za-z0-9]*\)$/\1 \2 \2/p'\'''
lt_cv_sys_global_symbol_to_c_name_address='sed -n -e '\''s/^: \([^ ]*\) $/  {\"\1\", (void *) 0},/p'\'' -e '\''s/^[ABCDGIRSTW]* \([^ ]*\) \([^ ]*\)$/  {"\2", (void *) \&\2},/p'\'''
lt_cv_sys_global_symbol_to_c_name_address_lib_prefix='sed -n -e '\''s/^: \([^ ]*\) $/  {\"\1\", (void *) 0},/p'\'' -e '\''s/^[ABCDGIRSTW]* \([^ ]*\) \(lib[^ ]*\)$/  {"\2", (void *) \&\2},/p'\'' -e '\''s/^[ABCDGIRSTW]* \([^ ]*\) \([^ ]*\)$/  {"lib\2", (void *) \&\2},/p'\'''
lt_cv_sys_global_symbol_to_cdecl='sed -n -e '\''s/^T .* \(.*\)$/extern int \1();/p'\'' -e '\''s/^[ABCDGIRSTW]* .* \(.*\)$/extern char \1;/p'\'''
lt_cv_sys_max_cmd_len=1966080

## ----------------- ##
## Output variables. ##
## ----------------- ##

ACLOCAL='${SHELL} /home/lizhiyong/opensource/ipcam_sdk/fdk-aac/missing --run aclocal-1.11'
AMDEPBACKSLASH='\'
AMDEP_FALSE='#'
AMDEP_TRUE=''
AMTAR='${SHELL} /home/lizhiyong/opensource/ipcam_sdk/fdk-aac/missing --run tar'
AM_BACKSLASH='\'
AM_DEFAULT_VERBOSITY='0'
AR='ar'
AUTOCONF='${SHELL} /home/lizhiyong/opensource/ipcam_sdk/fdk-aac/missing --run autoconf'
AUTOHEADER='${SHELL} /home/lizhiyong/opensource/ipcam_sdk/fdk-aac/missing --run autoheader'
AUTOMAKE='${SHELL} /home/lizhiyong/opensource/ipcam_sdk/fdk-aac/missing --run automake-1.11'
AWK='gawk'
CC='gcc'
CCDEPMODE='depmode=gcc3'
CFLAGS='-g -O2'
CPP='gcc -E'
CPPFLAGS=''
CXX='g++'
CXXCPP='g++ -E'
CXXDEPMODE='depmode=gcc3'
CXXFLAGS='-g -O2'
CYGPATH_W='echo'
DEFS='-DPACKAGE_NAME=\"fdk-aac\" -DPACKAGE_TARNAME=\"fdk-aac\" -DPACKAGE_VERSION=\"0.1.5\" -DPACKAGE_STRING=\"fdk-aac\ 0.1.5\" -DPACKAGE_BUGREPORT=\"http://sourceforge.net/projects/opencore-amr/\" -DPACKAGE=\"fdk-aac\" -DVERSION=\"0.1.5\" -DSTDC_HEADERS=1 -DHAVE_SYS_TYPES_H=1 -DHAVE_SYS_STAT_H=1 -DHAVE_STDLIB_H=1 -DHAVE_STRING_H=1 -DHAVE_MEMORY_H=1 -DHAVE_STRINGS_H=1 -DHAVE_INTTYPES_H=1 -DHAVE_STDINT_H=1 -DHAVE_UNISTD_H=1 -DHAVE_DLFCN_H=1 -DLT_OBJDIR=\".libs/\"'
DEPDIR='.deps'
DSYMUTIL=''
DUMPBIN=''
ECHO_C=''
ECHO_N='-n'
ECHO_T=''
EGREP='/bin/grep -E'
EXAMPLE_FALSE=''
EXAMPLE_TRUE='#'
EXEEXT=''
FDK_AAC_VERSION='1:0:0'
FGREP='/bin/grep -F'
GREP='/bin/grep'
INSTALL_DATA='${INSTALL} -m 644'
INSTALL_PROGRAM='${INSTALL}'
INSTALL_SCRIPT='${INSTALL}'
INSTALL_STRIP_PROGRAM='$(install_sh) -c -s'
LD='/opt/rh/devtoolset-2/root/usr/libexec/gcc/x86_64-redhat-linux/4.8.2/ld -m elf_x86_64'
LDFLAGS=''
LIBOBJS=''
LIBS='-lm '
LIBS_PRIVATE=''
LIBS_PUBLIC='-lm '
LIBTOOL='$(SHELL) $(top_builddir)/libtool'
LIPO=''
LN_S='ln -s'
LTLIBOBJS=''
MAKEINFO='${SHELL} /home/lizhiyong/opensource/ipcam_sdk/fdk-aac/missing --run makeinfo'
MKDIR_P='/bin/mkdir -p'
NM='/usr/bin/nm -B'
NMEDIT=''
OBJDUMP='objdump'
OBJEXT='o'
OTOOL64=''
OTOOL=''
PACKAGE='fdk-aac'
PACKAGE_BUGREPORT='http://sourceforge.net/projects/opencore-amr/'
PACKAGE_NAME='fdk-aac'
PACKAGE_STRING='fdk-aac 0.1.5'
PACKAGE_TARNAME='fdk-aac'
PACKAGE_VERSION='0.1.5'
PATH_SEPARATOR=':'
RANLIB='ranlib'
SED='/bin/sed'
SET_MAKE=''
SHELL='/bin/sh'
STRIP='strip'
VERSION='0.1.5'
ac_ct_CC='gcc'
ac_ct_CXX='g++'
ac_ct_DUMPBIN=''
am__EXEEXT_FALSE=''
am__EXEEXT_TRUE='#'
am__fastdepCC_FALSE='#'
am__fastdepCC_TRUE=''
am__fastdepCXX_FALSE='#'
am__fastdepCXX_TRUE=''
am__include='include'
am__isrc=''
am__leading_dot='.'
am__quote=''
am__tar='tar --format=ustar -chf - "$$tardir"'
am__untar='tar -xf -'
bindir='${exec_prefix}/bin'
build='x86_64-unknown-linux-gnu'
build_alias=''
build_cpu='x86_64'
build_os='linux-gnu'
build_vendor='unknown'
datadir='${datarootdir}'
datarootdir='${prefix}/share'
docdir='${datarootdir}/doc/${PACKAGE_TARNAME}'
dvidir='${docdir}'
exec_prefix='${prefix}'
host='x86_64-unknown-linux-gnu'
host_alias=''
host_cpu='x86_64'
host_os='linux-gnu'
host_vendor='unknown'
htmldir='${docdir}'
includedir='${prefix}/include'
infodir='${datarootdir}/info'
install_sh='${SHELL} /home/lizhiyong/opensource/ipcam_sdk/fdk-aac/install-sh'
libdir='${exec_prefix}/lib'
libexecdir='${exec_prefix}/libexec'
localedir='${datarootdir}/locale'
localstatedir='${prefix}/var'
lt_ECHO='echo'
mandir='${datarootdir}/man'
mkdir_p='/bin/mkdir -p'
oldincludedir='/usr/include'
pdfdir='${docdir}'
prefix='/opt/fdk_aac'
program_transform_name='s,x,x,'
psdir='${docdir}'
sbindir='${exec_prefix}/sbin'
sharedstatedir='${prefix}/com'
sysconfdir='${prefix}/etc'
target_alias=''

## ----------- ##
## confdefs.h. ##
## ----------- ##

#define PACKAGE_NAME "fdk-aac"
#define PACKAGE_TARNAME "fdk-aac"
#define PACKAGE_VERSION "0.1.5"
#define PACKAGE_STRING "fdk-aac 0.1.5"
#define PACKAGE_BUGREPORT "http://sourceforge.net/projects/opencore-amr/"
#define PACKAGE "fdk-aac"
#define VERSION "0.1.5"
#define STDC_HEADERS 1
#define HAVE_SYS_TYPES_H 1
#define HAVE_SYS_STAT_H 1
#define HAVE_STDLIB_H 1
#define HAVE_STRING_H 1
#define HAVE_MEMORY_H 1
#define HAVE_STRINGS_H 1
#define HAVE_INTTYPES_H 1
#define HAVE_STDINT_H 1
#define HAVE_UNISTD_H 1
#define HAVE_DLFCN_H 1
#define LT_OBJDIR ".libs/"

configure: exit 0
